[0.059s] colcon DEBUG Command line arguments: ['/usr/bin/colcon', 'build', '--packages-select', 'f1tenth_race_stack', '--symlink-install']
[0.059s] colcon DEBUG Parsed command line arguments: Namespace(log_base=None, log_level=None, verb_name='build', build_base='build', install_base='install', merge_install=False, symlink_install=True, test_result_base=None, continue_on_error=False, executor='parallel', parallel_workers=24, event_handlers=None, ignore_user_meta=False, metas=['./colcon.meta'], base_paths=['.'], packages_ignore=None, packages_ignore_regex=None, paths=None, packages_up_to=None, packages_up_to_regex=None, packages_above=None, packages_above_and_dependencies=None, packages_above_depth=None, packages_select_by_dep=None, packages_skip_by_dep=None, packages_skip_up_to=None, packages_select_build_failed=False, packages_skip_build_finished=False, packages_select_test_failures=False, packages_skip_test_passed=False, packages_select=['f1tenth_race_stack'], packages_skip=None, packages_select_regex=None, packages_skip_regex=None, packages_start=None, packages_end=None, allow_overriding=[], cmake_args=None, cmake_target=None, cmake_target_skip_unavailable=False, cmake_clean_cache=False, cmake_clean_first=False, cmake_force_configure=False, ament_cmake_args=None, catkin_cmake_args=None, catkin_skip_building_tests=False, mixin_files=None, mixin=None, verb_parser=<colcon_mixin.mixin.mixin_argument.MixinArgumentDecorator object at 0x744901f78970>, verb_extension=<colcon_core.verb.build.BuildVerb object at 0x7449020f1f30>, main=<bound method BuildVerb.main of <colcon_core.verb.build.BuildVerb object at 0x7449020f1f30>>, mixin_verb=('build',))
[0.171s] colcon.colcon_core.package_discovery Level 1 discover_packages(colcon_meta) check parameters
[0.171s] colcon.colcon_core.package_discovery Level 1 discover_packages(recursive) check parameters
[0.171s] colcon.colcon_core.package_discovery Level 1 discover_packages(ignore) check parameters
[0.171s] colcon.colcon_core.package_discovery Level 1 discover_packages(path) check parameters
[0.171s] colcon.colcon_core.package_discovery Level 1 discover_packages(colcon_meta) discover
[0.171s] colcon.colcon_core.package_discovery Level 1 discover_packages(recursive) discover
[0.171s] colcon.colcon_core.package_discovery INFO Crawling recursively for packages in '/home/bits/ABINESH_Packages/racer_ws'
[0.171s] colcon.colcon_core.package_identification Level 1 _identify(.) by extensions ['ignore', 'ignore_ament_install']
[0.172s] colcon.colcon_core.package_identification Level 1 _identify(.) by extension 'ignore'
[0.172s] colcon.colcon_core.package_identification Level 1 _identify(.) by extension 'ignore_ament_install'
[0.172s] colcon.colcon_core.package_identification Level 1 _identify(.) by extensions ['colcon_pkg']
[0.172s] colcon.colcon_core.package_identification Level 1 _identify(.) by extension 'colcon_pkg'
[0.172s] colcon.colcon_core.package_identification Level 1 _identify(.) by extensions ['colcon_meta']
[0.172s] colcon.colcon_core.package_identification Level 1 _identify(.) by extension 'colcon_meta'
[0.172s] colcon.colcon_core.package_identification Level 1 _identify(.) by extensions ['ros']
[0.172s] colcon.colcon_core.package_identification Level 1 _identify(.) by extension 'ros'
[0.184s] colcon.colcon_core.package_identification Level 1 _identify(.) by extensions ['cmake', 'python']
[0.184s] colcon.colcon_core.package_identification Level 1 _identify(.) by extension 'cmake'
[0.184s] colcon.colcon_core.package_identification Level 1 _identify(.) by extension 'python'
[0.184s] colcon.colcon_core.package_identification Level 1 _identify(.) by extensions ['python_setup_py']
[0.184s] colcon.colcon_core.package_identification Level 1 _identify(.) by extension 'python_setup_py'
[0.184s] colcon.colcon_core.package_identification Level 1 _identify(build) by extensions ['ignore', 'ignore_ament_install']
[0.184s] colcon.colcon_core.package_identification Level 1 _identify(build) by extension 'ignore'
[0.184s] colcon.colcon_core.package_identification Level 1 _identify(build) ignored
[0.184s] colcon.colcon_core.package_identification Level 1 _identify(install) by extensions ['ignore', 'ignore_ament_install']
[0.184s] colcon.colcon_core.package_identification Level 1 _identify(install) by extension 'ignore'
[0.184s] colcon.colcon_core.package_identification Level 1 _identify(install) ignored
[0.184s] colcon.colcon_core.package_identification Level 1 _identify(log) by extensions ['ignore', 'ignore_ament_install']
[0.184s] colcon.colcon_core.package_identification Level 1 _identify(log) by extension 'ignore'
[0.184s] colcon.colcon_core.package_identification Level 1 _identify(log) ignored
[0.184s] colcon.colcon_core.package_identification Level 1 _identify(src) by extensions ['ignore', 'ignore_ament_install']
[0.184s] colcon.colcon_core.package_identification Level 1 _identify(src) by extension 'ignore'
[0.184s] colcon.colcon_core.package_identification Level 1 _identify(src) by extension 'ignore_ament_install'
[0.184s] colcon.colcon_core.package_identification Level 1 _identify(src) by extensions ['colcon_pkg']
[0.184s] colcon.colcon_core.package_identification Level 1 _identify(src) by extension 'colcon_pkg'
[0.184s] colcon.colcon_core.package_identification Level 1 _identify(src) by extensions ['colcon_meta']
[0.184s] colcon.colcon_core.package_identification Level 1 _identify(src) by extension 'colcon_meta'
[0.184s] colcon.colcon_core.package_identification Level 1 _identify(src) by extensions ['ros']
[0.184s] colcon.colcon_core.package_identification Level 1 _identify(src) by extension 'ros'
[0.184s] colcon.colcon_core.package_identification Level 1 _identify(src) by extensions ['cmake', 'python']
[0.184s] colcon.colcon_core.package_identification Level 1 _identify(src) by extension 'cmake'
[0.184s] colcon.colcon_core.package_identification Level 1 _identify(src) by extension 'python'
[0.184s] colcon.colcon_core.package_identification Level 1 _identify(src) by extensions ['python_setup_py']
[0.184s] colcon.colcon_core.package_identification Level 1 _identify(src) by extension 'python_setup_py'
[0.184s] colcon.colcon_core.package_identification Level 1 _identify(src/f1tenth_gym_ros) by extensions ['ignore', 'ignore_ament_install']
[0.184s] colcon.colcon_core.package_identification Level 1 _identify(src/f1tenth_gym_ros) by extension 'ignore'
[0.184s] colcon.colcon_core.package_identification Level 1 _identify(src/f1tenth_gym_ros) by extension 'ignore_ament_install'
[0.184s] colcon.colcon_core.package_identification Level 1 _identify(src/f1tenth_gym_ros) by extensions ['colcon_pkg']
[0.184s] colcon.colcon_core.package_identification Level 1 _identify(src/f1tenth_gym_ros) by extension 'colcon_pkg'
[0.184s] colcon.colcon_core.package_identification Level 1 _identify(src/f1tenth_gym_ros) by extensions ['colcon_meta']
[0.184s] colcon.colcon_core.package_identification Level 1 _identify(src/f1tenth_gym_ros) by extension 'colcon_meta'
[0.184s] colcon.colcon_core.package_identification Level 1 _identify(src/f1tenth_gym_ros) by extensions ['ros']
[0.184s] colcon.colcon_core.package_identification Level 1 _identify(src/f1tenth_gym_ros) by extension 'ros'
[0.186s] colcon.colcon_core.package_identification DEBUG Package 'src/f1tenth_gym_ros' with type 'ros.ament_python' and name 'f1tenth_gym_ros'
[0.186s] colcon.colcon_core.package_identification Level 1 _identify(src/f1tenth_race_stack) by extensions ['ignore', 'ignore_ament_install']
[0.186s] colcon.colcon_core.package_identification Level 1 _identify(src/f1tenth_race_stack) by extension 'ignore'
[0.186s] colcon.colcon_core.package_identification Level 1 _identify(src/f1tenth_race_stack) by extension 'ignore_ament_install'
[0.186s] colcon.colcon_core.package_identification Level 1 _identify(src/f1tenth_race_stack) by extensions ['colcon_pkg']
[0.186s] colcon.colcon_core.package_identification Level 1 _identify(src/f1tenth_race_stack) by extension 'colcon_pkg'
[0.186s] colcon.colcon_core.package_identification Level 1 _identify(src/f1tenth_race_stack) by extensions ['colcon_meta']
[0.186s] colcon.colcon_core.package_identification Level 1 _identify(src/f1tenth_race_stack) by extension 'colcon_meta'
[0.186s] colcon.colcon_core.package_identification Level 1 _identify(src/f1tenth_race_stack) by extensions ['ros']
[0.186s] colcon.colcon_core.package_identification Level 1 _identify(src/f1tenth_race_stack) by extension 'ros'
[0.186s] colcon.colcon_core.package_identification DEBUG Package 'src/f1tenth_race_stack' with type 'ros.ament_python' and name 'f1tenth_race_stack'
[0.186s] colcon.colcon_core.package_discovery Level 1 discover_packages(recursive) using defaults
[0.186s] colcon.colcon_core.package_discovery Level 1 discover_packages(ignore) discover
[0.186s] colcon.colcon_core.package_discovery Level 1 discover_packages(ignore) using defaults
[0.186s] colcon.colcon_core.package_discovery Level 1 discover_packages(path) discover
[0.186s] colcon.colcon_core.package_discovery Level 1 discover_packages(path) using defaults
[0.193s] colcon.colcon_core.package_selection INFO Skipping not selected package 'f1tenth_gym_ros' in 'src/f1tenth_gym_ros'
[0.193s] colcon.colcon_core.package_discovery Level 1 discover_packages(prefix_path) check parameters
[0.193s] colcon.colcon_core.package_discovery Level 1 discover_packages(prefix_path) discover
[0.194s] colcon.colcon_installed_package_information.package_discovery DEBUG Found 370 installed packages in /opt/ros/humble
[0.195s] colcon.colcon_core.package_discovery Level 1 discover_packages(prefix_path) using defaults
[0.210s] colcon.colcon_core.verb Level 5 set package 'f1tenth_race_stack' build argument 'cmake_args' from command line to 'None'
[0.210s] colcon.colcon_core.verb Level 5 set package 'f1tenth_race_stack' build argument 'cmake_target' from command line to 'None'
[0.210s] colcon.colcon_core.verb Level 5 set package 'f1tenth_race_stack' build argument 'cmake_target_skip_unavailable' from command line to 'False'
[0.210s] colcon.colcon_core.verb Level 5 set package 'f1tenth_race_stack' build argument 'cmake_clean_cache' from command line to 'False'
[0.210s] colcon.colcon_core.verb Level 5 set package 'f1tenth_race_stack' build argument 'cmake_clean_first' from command line to 'False'
[0.210s] colcon.colcon_core.verb Level 5 set package 'f1tenth_race_stack' build argument 'cmake_force_configure' from command line to 'False'
[0.210s] colcon.colcon_core.verb Level 5 set package 'f1tenth_race_stack' build argument 'ament_cmake_args' from command line to 'None'
[0.210s] colcon.colcon_core.verb Level 5 set package 'f1tenth_race_stack' build argument 'catkin_cmake_args' from command line to 'None'
[0.210s] colcon.colcon_core.verb Level 5 set package 'f1tenth_race_stack' build argument 'catkin_skip_building_tests' from command line to 'False'
[0.210s] colcon.colcon_core.verb DEBUG Building package 'f1tenth_race_stack' with the following arguments: {'ament_cmake_args': None, 'build_base': '/home/bits/ABINESH_Packages/racer_ws/build/f1tenth_race_stack', 'catkin_cmake_args': None, 'catkin_skip_building_tests': False, 'cmake_args': None, 'cmake_clean_cache': False, 'cmake_clean_first': False, 'cmake_force_configure': False, 'cmake_target': None, 'cmake_target_skip_unavailable': False, 'install_base': '/home/bits/ABINESH_Packages/racer_ws/install/f1tenth_race_stack', 'merge_install': False, 'path': '/home/bits/ABINESH_Packages/racer_ws/src/f1tenth_race_stack', 'symlink_install': True, 'test_result_base': None}
[0.210s] colcon.colcon_core.executor INFO Executing jobs using 'parallel' executor
[0.211s] colcon.colcon_parallel_executor.executor.parallel DEBUG run_until_complete
[0.211s] colcon.colcon_ros.task.ament_python.build INFO Building ROS package in '/home/bits/ABINESH_Packages/racer_ws/src/f1tenth_race_stack' with build type 'ament_python'
[0.211s] colcon.colcon_core.shell Level 1 create_environment_hook('f1tenth_race_stack', 'ament_prefix_path')
[0.212s] colcon.colcon_core.plugin_system INFO Skipping extension 'colcon_core.shell.bat': Not used on non-Windows systems
[0.212s] colcon.colcon_core.shell INFO Creating environment hook '/home/bits/ABINESH_Packages/racer_ws/install/f1tenth_race_stack/share/f1tenth_race_stack/hook/ament_prefix_path.ps1'
[0.213s] colcon.colcon_core.shell INFO Creating environment descriptor '/home/bits/ABINESH_Packages/racer_ws/install/f1tenth_race_stack/share/f1tenth_race_stack/hook/ament_prefix_path.dsv'
[0.213s] colcon.colcon_core.shell INFO Creating environment hook '/home/bits/ABINESH_Packages/racer_ws/install/f1tenth_race_stack/share/f1tenth_race_stack/hook/ament_prefix_path.sh'
[0.213s] colcon.colcon_core.shell INFO Skip shell extension 'powershell' for command environment: Not usable outside of PowerShell
[0.213s] colcon.colcon_core.shell DEBUG Skip shell extension 'dsv' for command environment
[0.397s] colcon.colcon_core.task.python.build INFO Building Python package in '/home/bits/ABINESH_Packages/racer_ws/src/f1tenth_race_stack'
[0.397s] colcon.colcon_core.shell INFO Skip shell extension 'powershell' for command environment: Not usable outside of PowerShell
[0.397s] colcon.colcon_core.shell DEBUG Skip shell extension 'dsv' for command environment
[0.713s] colcon.colcon_core.event_handler.log_command DEBUG Invoking command in '/home/bits/ABINESH_Packages/racer_ws/build/f1tenth_race_stack': PYTHONPATH=/home/bits/ABINESH_Packages/racer_ws/build/f1tenth_race_stack/prefix_override:/usr/lib/python3/dist-packages/colcon_core/task/python/colcon_distutils_commands:/home/bits/ABINESH_Packages/racer_ws/install/f1tenth_race_stack/lib/python3.10/site-packages:${PYTHONPATH} /usr/bin/python3 -W ignore:setup.py install is deprecated -W ignore:easy_install command is deprecated setup.py develop --editable --build-directory /home/bits/ABINESH_Packages/racer_ws/build/f1tenth_race_stack/build --no-deps symlink_data
[1.083s] colcon.colcon_core.shell Level 1 create_environment_hook('f1tenth_race_stack', 'pythonpath_develop')
[1.084s] colcon.colcon_core.shell INFO Creating environment hook '/home/bits/ABINESH_Packages/racer_ws/build/f1tenth_race_stack/share/f1tenth_race_stack/hook/pythonpath_develop.ps1'
[1.084s] colcon.colcon_core.event_handler.log_command DEBUG Invoked command in '/home/bits/ABINESH_Packages/racer_ws/build/f1tenth_race_stack' returned '0': PYTHONPATH=/home/bits/ABINESH_Packages/racer_ws/build/f1tenth_race_stack/prefix_override:/usr/lib/python3/dist-packages/colcon_core/task/python/colcon_distutils_commands:/home/bits/ABINESH_Packages/racer_ws/install/f1tenth_race_stack/lib/python3.10/site-packages:${PYTHONPATH} /usr/bin/python3 -W ignore:setup.py install is deprecated -W ignore:easy_install command is deprecated setup.py develop --editable --build-directory /home/bits/ABINESH_Packages/racer_ws/build/f1tenth_race_stack/build --no-deps symlink_data
[1.084s] colcon.colcon_core.shell INFO Creating environment descriptor '/home/bits/ABINESH_Packages/racer_ws/build/f1tenth_race_stack/share/f1tenth_race_stack/hook/pythonpath_develop.dsv'
[1.084s] colcon.colcon_core.shell INFO Creating environment hook '/home/bits/ABINESH_Packages/racer_ws/build/f1tenth_race_stack/share/f1tenth_race_stack/hook/pythonpath_develop.sh'
[1.085s] colcon.colcon_core.environment Level 1 checking '/home/bits/ABINESH_Packages/racer_ws/install/f1tenth_race_stack' for CMake module files
[1.085s] colcon.colcon_core.environment Level 1 checking '/home/bits/ABINESH_Packages/racer_ws/install/f1tenth_race_stack' for CMake config files
[1.086s] colcon.colcon_core.environment Level 1 checking '/home/bits/ABINESH_Packages/racer_ws/install/f1tenth_race_stack/lib'
[1.086s] colcon.colcon_core.environment Level 1 checking '/home/bits/ABINESH_Packages/racer_ws/install/f1tenth_race_stack/bin'
[1.086s] colcon.colcon_core.environment Level 1 checking '/home/bits/ABINESH_Packages/racer_ws/install/f1tenth_race_stack/lib/pkgconfig/f1tenth_race_stack.pc'
[1.086s] colcon.colcon_core.environment Level 1 checking '/home/bits/ABINESH_Packages/racer_ws/install/f1tenth_race_stack/lib/python3.10/site-packages'
[1.086s] colcon.colcon_core.shell Level 1 create_environment_hook('f1tenth_race_stack', 'pythonpath')
[1.086s] colcon.colcon_core.shell INFO Creating environment hook '/home/bits/ABINESH_Packages/racer_ws/install/f1tenth_race_stack/share/f1tenth_race_stack/hook/pythonpath.ps1'
[1.086s] colcon.colcon_core.shell INFO Creating environment descriptor '/home/bits/ABINESH_Packages/racer_ws/install/f1tenth_race_stack/share/f1tenth_race_stack/hook/pythonpath.dsv'
[1.086s] colcon.colcon_core.shell INFO Creating environment hook '/home/bits/ABINESH_Packages/racer_ws/install/f1tenth_race_stack/share/f1tenth_race_stack/hook/pythonpath.sh'
[1.087s] colcon.colcon_core.environment Level 1 checking '/home/bits/ABINESH_Packages/racer_ws/install/f1tenth_race_stack/bin'
[1.087s] colcon.colcon_core.environment Level 1 create_environment_scripts_only(f1tenth_race_stack)
[1.087s] colcon.colcon_core.shell INFO Creating package script '/home/bits/ABINESH_Packages/racer_ws/install/f1tenth_race_stack/share/f1tenth_race_stack/package.ps1'
[1.088s] colcon.colcon_core.shell INFO Creating package descriptor '/home/bits/ABINESH_Packages/racer_ws/install/f1tenth_race_stack/share/f1tenth_race_stack/package.dsv'
[1.088s] colcon.colcon_core.shell INFO Creating package script '/home/bits/ABINESH_Packages/racer_ws/install/f1tenth_race_stack/share/f1tenth_race_stack/package.sh'
[1.088s] colcon.colcon_core.shell INFO Creating package script '/home/bits/ABINESH_Packages/racer_ws/install/f1tenth_race_stack/share/f1tenth_race_stack/package.bash'
[1.089s] colcon.colcon_core.shell INFO Creating package script '/home/bits/ABINESH_Packages/racer_ws/install/f1tenth_race_stack/share/f1tenth_race_stack/package.zsh'
[1.089s] colcon.colcon_core.environment Level 1 create_file_with_runtime_dependencies(/home/bits/ABINESH_Packages/racer_ws/install/f1tenth_race_stack/share/colcon-core/packages/f1tenth_race_stack)
[1.089s] colcon.colcon_parallel_executor.executor.parallel DEBUG closing loop
[1.090s] colcon.colcon_parallel_executor.executor.parallel DEBUG loop closed
[1.090s] colcon.colcon_parallel_executor.executor.parallel DEBUG run_until_complete finished with '0'
[1.090s] colcon.colcon_core.event_reactor DEBUG joining thread
[1.092s] colcon.colcon_core.plugin_system INFO Skipping extension 'colcon_notification.desktop_notification.terminal_notifier': Not used on non-Darwin systems
[1.092s] colcon.colcon_core.plugin_system INFO Skipping extension 'colcon_notification.desktop_notification.win32': Not used on non-Windows systems
[1.092s] colcon.colcon_notification.desktop_notification INFO Sending desktop notification using 'notify2'
[1.100s] colcon.colcon_core.event_reactor DEBUG joined thread
[1.100s] colcon.colcon_core.shell INFO Creating prefix script '/home/bits/ABINESH_Packages/racer_ws/install/local_setup.ps1'
[1.100s] colcon.colcon_core.shell INFO Creating prefix util module '/home/bits/ABINESH_Packages/racer_ws/install/_local_setup_util_ps1.py'
[1.102s] colcon.colcon_core.shell INFO Creating prefix chain script '/home/bits/ABINESH_Packages/racer_ws/install/setup.ps1'
[1.102s] colcon.colcon_core.shell INFO Creating prefix script '/home/bits/ABINESH_Packages/racer_ws/install/local_setup.sh'
[1.102s] colcon.colcon_core.shell INFO Creating prefix util module '/home/bits/ABINESH_Packages/racer_ws/install/_local_setup_util_sh.py'
[1.103s] colcon.colcon_core.shell INFO Creating prefix chain script '/home/bits/ABINESH_Packages/racer_ws/install/setup.sh'
[1.103s] colcon.colcon_core.shell INFO Creating prefix script '/home/bits/ABINESH_Packages/racer_ws/install/local_setup.bash'
[1.103s] colcon.colcon_core.shell INFO Creating prefix chain script '/home/bits/ABINESH_Packages/racer_ws/install/setup.bash'
[1.103s] colcon.colcon_core.shell INFO Creating prefix script '/home/bits/ABINESH_Packages/racer_ws/install/local_setup.zsh'
[1.104s] colcon.colcon_core.shell INFO Creating prefix chain script '/home/bits/ABINESH_Packages/racer_ws/install/setup.zsh'
