[0.454s] Invoking command in '/home/bits/ABINESH_Packages/racer_ws/build/f1tenth_race_stack': PS1=(f1tenth_env) \[\e]0;\u@\h: \w\a\]${debian_chroot:+($debian_chroot)}\[\033[01;32m\]\u@\h\[\033[00m\]:\[\033[01;34m\]\w\[\033[00m\]\$ PYTHONPATH=/home/bits/ABINESH_Packages/racer_ws/build/f1tenth_race_stack/prefix_override:/usr/lib/python3/dist-packages/colcon_core/task/python/colcon_distutils_commands:/home/bits/ABINESH_Packages/racer_ws/install/f1tenth_race_stack/lib/python3.10/site-packages:${PYTHONPATH} VIRTUAL_ENV_PROMPT=(f1tenth_env) /usr/bin/python3 -W ignore:setup.py install is deprecated -W ignore:easy_install command is deprecated setup.py develop --editable --build-directory /home/bits/ABINESH_Packages/racer_ws/build/f1tenth_race_stack/build --no-deps symlink_data
[0.622s] running develop
[0.733s] running egg_info
[0.740s] writing f1tenth_race_stack.egg-info/PKG-INFO
[0.740s] writing dependency_links to f1tenth_race_stack.egg-info/dependency_links.txt
[0.740s] writing entry points to f1tenth_race_stack.egg-info/entry_points.txt
[0.740s] writing requirements to f1tenth_race_stack.egg-info/requires.txt
[0.741s] writing top-level names to f1tenth_race_stack.egg-info/top_level.txt
[0.755s] reading manifest file 'f1tenth_race_stack.egg-info/SOURCES.txt'
[0.755s] writing manifest file 'f1tenth_race_stack.egg-info/SOURCES.txt'
[0.781s] running build_ext
[0.781s] Creating /home/bits/ABINESH_Packages/racer_ws/install/f1tenth_race_stack/lib/python3.10/site-packages/f1tenth-race-stack.egg-link (link to .)
[0.782s] Installing deadman_switch script to /home/bits/ABINESH_Packages/racer_ws/install/f1tenth_race_stack/lib/f1tenth_race_stack
[0.782s] Installing follow_the_gap script to /home/bits/ABINESH_Packages/racer_ws/install/f1tenth_race_stack/lib/f1tenth_race_stack
[0.782s] Installing mppi_controller script to /home/bits/ABINESH_Packages/racer_ws/install/f1tenth_race_stack/lib/f1tenth_race_stack
[0.782s] Installing pure_pursuit script to /home/bits/ABINESH_Packages/racer_ws/install/f1tenth_race_stack/lib/f1tenth_race_stack
[0.782s] Installing race_state_machine script to /home/bits/ABINESH_Packages/racer_ws/install/f1tenth_race_stack/lib/f1tenth_race_stack
[0.782s] Installing racing_line_generator script to /home/bits/ABINESH_Packages/racer_ws/install/f1tenth_race_stack/lib/f1tenth_race_stack
[0.782s] Installing system_id_driver script to /home/bits/ABINESH_Packages/racer_ws/install/f1tenth_race_stack/lib/f1tenth_race_stack
[0.782s] Installing vesc_bridge script to /home/bits/ABINESH_Packages/racer_ws/install/f1tenth_race_stack/lib/f1tenth_race_stack
[0.783s] Installing visualizer script to /home/bits/ABINESH_Packages/racer_ws/install/f1tenth_race_stack/lib/f1tenth_race_stack
[0.783s] 
[0.783s] Installed /home/bits/ABINESH_Packages/racer_ws/build/f1tenth_race_stack
[0.783s] running symlink_data
[0.783s] symbolically linking /home/bits/ABINESH_Packages/racer_ws/build/f1tenth_race_stack/launch/sim_time_trial.launch.py -> /home/bits/ABINESH_Packages/racer_ws/install/f1tenth_race_stack/share/f1tenth_race_stack/launch
[0.783s] symbolically linking /home/bits/ABINESH_Packages/racer_ws/build/f1tenth_race_stack/launch/sim_head_to_head.launch.py -> /home/bits/ABINESH_Packages/racer_ws/install/f1tenth_race_stack/share/f1tenth_race_stack/launch
[0.783s] symbolically linking /home/bits/ABINESH_Packages/racer_ws/build/f1tenth_race_stack/launch/sim_mapping.launch.py -> /home/bits/ABINESH_Packages/racer_ws/install/f1tenth_race_stack/share/f1tenth_race_stack/launch
[0.804s] Invoked command in '/home/bits/ABINESH_Packages/racer_ws/build/f1tenth_race_stack' returned '0': PS1=(f1tenth_env) \[\e]0;\u@\h: \w\a\]${debian_chroot:+($debian_chroot)}\[\033[01;32m\]\u@\h\[\033[00m\]:\[\033[01;34m\]\w\[\033[00m\]\$ PYTHONPATH=/home/bits/ABINESH_Packages/racer_ws/build/f1tenth_race_stack/prefix_override:/usr/lib/python3/dist-packages/colcon_core/task/python/colcon_distutils_commands:/home/bits/ABINESH_Packages/racer_ws/install/f1tenth_race_stack/lib/python3.10/site-packages:${PYTHONPATH} VIRTUAL_ENV_PROMPT=(f1tenth_env) /usr/bin/python3 -W ignore:setup.py install is deprecated -W ignore:easy_install command is deprecated setup.py develop --editable --build-directory /home/bits/ABINESH_Packages/racer_ws/build/f1tenth_race_stack/build --no-deps symlink_data
