[0.622s] Invoking command in '/home/bits/ABINESH_Packages/racer_ws/build/f1tenth_race_stack': PYTHONPATH=/home/bits/ABINESH_Packages/racer_ws/build/f1tenth_race_stack/prefix_override:/usr/lib/python3/dist-packages/colcon_core/task/python/colcon_distutils_commands:/home/bits/ABINESH_Packages/racer_ws/install/f1tenth_race_stack/lib/python3.10/site-packages:${PYTHONPATH} /usr/bin/python3 -W ignore:setup.py install is deprecated -W ignore:easy_install command is deprecated setup.py develop --editable --build-directory /home/bits/ABINESH_Packages/racer_ws/build/f1tenth_race_stack/build --no-deps symlink_data
[0.823s] running develop
[0.953s] running egg_info
[0.961s] writing f1tenth_race_stack.egg-info/PKG-INFO
[0.961s] writing dependency_links to f1tenth_race_stack.egg-info/dependency_links.txt
[0.962s] writing entry points to f1tenth_race_stack.egg-info/entry_points.txt
[0.962s] writing requirements to f1tenth_race_stack.egg-info/requires.txt
[0.962s] writing top-level names to f1tenth_race_stack.egg-info/top_level.txt
[0.979s] reading manifest file 'f1tenth_race_stack.egg-info/SOURCES.txt'
[0.986s] writing manifest file 'f1tenth_race_stack.egg-info/SOURCES.txt'
[1.010s] running build_ext
[1.010s] Creating /home/bits/ABINESH_Packages/racer_ws/install/f1tenth_race_stack/lib/python3.10/site-packages/f1tenth-race-stack.egg-link (link to .)
[1.011s] Installing deadman_switch script to /home/bits/ABINESH_Packages/racer_ws/install/f1tenth_race_stack/lib/f1tenth_race_stack
[1.011s] Installing follow_the_gap script to /home/bits/ABINESH_Packages/racer_ws/install/f1tenth_race_stack/lib/f1tenth_race_stack
[1.011s] Installing lap_counter script to /home/bits/ABINESH_Packages/racer_ws/install/f1tenth_race_stack/lib/f1tenth_race_stack
[1.012s] Installing mppi_controller script to /home/bits/ABINESH_Packages/racer_ws/install/f1tenth_race_stack/lib/f1tenth_race_stack
[1.012s] Installing pure_pursuit script to /home/bits/ABINESH_Packages/racer_ws/install/f1tenth_race_stack/lib/f1tenth_race_stack
[1.012s] Installing race_state_machine script to /home/bits/ABINESH_Packages/racer_ws/install/f1tenth_race_stack/lib/f1tenth_race_stack
[1.012s] Installing racing_line_generator script to /home/bits/ABINESH_Packages/racer_ws/install/f1tenth_race_stack/lib/f1tenth_race_stack
[1.012s] Installing racing_line_publisher script to /home/bits/ABINESH_Packages/racer_ws/install/f1tenth_race_stack/lib/f1tenth_race_stack
[1.013s] Installing system_id_driver script to /home/bits/ABINESH_Packages/racer_ws/install/f1tenth_race_stack/lib/f1tenth_race_stack
[1.013s] Installing vesc_bridge script to /home/bits/ABINESH_Packages/racer_ws/install/f1tenth_race_stack/lib/f1tenth_race_stack
[1.013s] Installing visualizer script to /home/bits/ABINESH_Packages/racer_ws/install/f1tenth_race_stack/lib/f1tenth_race_stack
[1.013s] 
[1.013s] Installed /home/bits/ABINESH_Packages/racer_ws/build/f1tenth_race_stack
[1.013s] running symlink_data
[1.061s] Invoked command in '/home/bits/ABINESH_Packages/racer_ws/build/f1tenth_race_stack' returned '0': PYTHONPATH=/home/bits/ABINESH_Packages/racer_ws/build/f1tenth_race_stack/prefix_override:/usr/lib/python3/dist-packages/colcon_core/task/python/colcon_distutils_commands:/home/bits/ABINESH_Packages/racer_ws/install/f1tenth_race_stack/lib/python3.10/site-packages:${PYTHONPATH} /usr/bin/python3 -W ignore:setup.py install is deprecated -W ignore:easy_install command is deprecated setup.py develop --editable --build-directory /home/bits/ABINESH_Packages/racer_ws/build/f1tenth_race_stack/build --no-deps symlink_data
