[0.000000] (-) TimerEvent: {}
[0.001024] (f1tenth_race_stack) JobQueued: {'identifier': 'f1tenth_race_stack', 'dependencies': OrderedDict()}
[0.001070] (f1tenth_race_stack) JobStarted: {'identifier': 'f1tenth_race_stack'}
[0.099273] (-) TimerEvent: {}
[0.199440] (-) TimerEvent: {}
[0.299749] (-) TimerEvent: {}
[0.381826] (f1tenth_race_stack) Command: {'cmd': ['/usr/bin/python3', '-W', 'ignore:setup.py install is deprecated', '-W', 'ignore:easy_install command is deprecated', 'setup.py', 'develop', '--editable', '--build-directory', '/home/bits/ABINESH_Packages/racer_ws/build/f1tenth_race_stack/build', '--no-deps', 'symlink_data'], 'cwd': '/home/bits/ABINESH_Packages/racer_ws/build/f1tenth_race_stack', 'env': {'GJS_DEBUG_TOPICS': 'JS ERROR;JS LOG', 'LESSOPEN': '| /usr/bin/lesspipe %s', 'VSCODE_CWD': '/home/bits', 'LANGUAGE': 'en_IN:en', 'USER': 'bits', 'VSCODE_NLS_CONFIG': '{"userLocale":"en-gb","osLocale":"en-in","resolvedLanguage":"en","defaultMessagesFile":"/usr/share/antigravity/resources/app/out/nls.messages.json","locale":"en-gb","availableLanguages":{}}', 'CCACHE_DIR': '/home/bits/.cache/ccache/', 'XDG_SESSION_TYPE': 'x11', 'SHLVL': '1', 'LD_LIBRARY_PATH': '/opt/ros/humble/opt/zenoh_cpp_vendor/lib:/opt/ros/humble/opt/rviz_ogre_vendor/lib:/opt/ros/humble/lib/x86_64-linux-gnu:/opt/ros/humble/lib:/usr/local/cuda-12.4/lib64:', 'HOME': '/home/bits', 'CHROME_DESKTOP': 'antigravity.desktop', 'CYCLONEDDS_URI': 'file:///home/bits/cyclonedds.xml', 'OLDPWD': '/home/bits/ABINESH_Packages/racer_ws', 'DESKTOP_SESSION': 'ubuntu', 'VSCODE_IPC_HOOK': '/run/user/1000/vscode-a7369c55-1.10-main.sock', 'GIO_LAUNCHED_DESKTOP_FILE': '/usr/share/applications/antigravity.desktop', 'ROS_PYTHON_VERSION': '3', 'GNOME_SHELL_SESSION_MODE': 'ubuntu', 'GTK_MODULES': 'gail:atk-bridge', 'PAGER': 'cat', 'MANAGERPID': '5084', 'SYSTEMD_EXEC_PID': '5448', 'DBUS_SESSION_BUS_ADDRESS': 'unix:path=/run/user/1000/bus', 'ANTIGRAVITY_AGENT': '1', 'GIO_LAUNCHED_DESKTOP_FILE_PID': '97938', 'IM_CONFIG_PHASE': '1', 'ROS_DISTRO': 'humble', 'GTK_IM_MODULE': 'ibus', 'LOGNAME': 'bits', 'JOURNAL_STREAM': '8:41098', '_': '/usr/bin/colcon', 'ROS_VERSION': '2', 'XDG_SESSION_CLASS': 'user', 'USERNAME': 'bits', 'TERM': 'dumb', 'GNOME_DESKTOP_SESSION_ID': 'this-is-deprecated', 'FC_FONTATIONS': '1', 'ROS_LOCALHOST_ONLY': '0', 'WINDOWPATH': '2', 'ANTIGRAVITY_EDITOR_APP_ROOT': '/usr/share/antigravity/resources/app', 'PATH': '/opt/ros/humble/bin:/usr/local/cuda-12.4/bin:/usr/local/sbin:/usr/local/bin:/usr/sbin:/usr/bin:/sbin:/bin:/usr/games:/usr/local/games:/snap/bin:/snap/bin:/home/bits/.local/bin', 'SESSION_MANAGER': 'local/bits-Alienware-Area-51-AAT2250:@/tmp/.ICE-unix/5416,unix/bits-Alienware-Area-51-AAT2250:/tmp/.ICE-unix/5416', 'INVOCATION_ID': '8a064867e31a44338a46c12a97344b07', 'XDG_MENU_PREFIX': 'gnome-', 'XDG_RUNTIME_DIR': '/run/user/1000', 'GDK_BACKEND': 'x11', 'DISPLAY': ':1', 'LANG': 'en_US.UTF-8', 'XDG_CURRENT_DESKTOP': 'ubuntu:GNOME', 'RMW_IMPLEMENTATION': 'rmw_cyclonedds_cpp', 'XMODIFIERS': '@im=ibus', 'XDG_SESSION_DESKTOP': 'ubuntu', 'XAUTHORITY': '/run/user/1000/gdm/Xauthority', 'LS_COLORS': '', 'SSH_AGENT_LAUNCHER': 'gnome-keyring', 'SSH_AUTH_SOCK': '/run/user/1000/keyring/ssh', 'AMENT_PREFIX_PATH': '/opt/ros/humble', 'SHELL': '/bin/bash', 'QT_ACCESSIBILITY': '1', 'CXX': '/usr/lib/ccache/g++', 'GDMSESSION': 'ubuntu', 'LESSCLOSE': '/usr/bin/lesspipe %s %s', 'GPG_AGENT_INFO': '/run/user/1000/gnupg/S.gpg-agent:0:1', 'GJS_DEBUG_OUTPUT': 'stderr', 'QT_IM_MODULE': 'ibus', 'ANTIGRAVITY_TRAJECTORY_ID': 'aa195102-89de-4881-a3fa-d6fed6683dcd', 'PWD': '/home/bits/ABINESH_Packages/racer_ws/build/f1tenth_race_stack', 'LC_ALL': 'en_US.UTF-8', 'XDG_CONFIG_DIRS': '/etc/xdg/xdg-ubuntu:/etc/xdg', 'VSCODE_CODE_CACHE_PATH': '/home/bits/.config/Antigravity/CachedData/15487b3041e65228cae24980a3f796c905ef582c', 'XDG_DATA_DIRS': '/usr/share/ubuntu:/usr/share/gnome:/home/bits/.local/share/flatpak/exports/share:/var/lib/flatpak/exports/share:/usr/local/share/:/usr/share/:/var/lib/snapd/desktop', 'PYTHONPATH': '/home/bits/ABINESH_Packages/racer_ws/build/f1tenth_race_stack/prefix_override:/usr/lib/python3/dist-packages/colcon_core/task/python/colcon_distutils_commands:/home/bits/ABINESH_Packages/racer_ws/install/f1tenth_race_stack/lib/python3.10/site-packages:/opt/ros/humble/lib/python3.10/site-packages:/opt/ros/humble/local/lib/python3.10/dist-packages', 'CC': '/usr/lib/ccache/gcc', 'COLCON': '1', 'VSCODE_PID': '97938'}, 'shell': False}
[0.399835] (-) TimerEvent: {}
[0.500238] (-) TimerEvent: {}
[0.523205] (f1tenth_race_stack) StdoutLine: {'line': b'running develop\n'}
[0.600330] (-) TimerEvent: {}
[0.612154] (f1tenth_race_stack) StdoutLine: {'line': b'running egg_info\n'}
[0.612255] (f1tenth_race_stack) StdoutLine: {'line': b'creating f1tenth_race_stack.egg-info\n'}
[0.612282] (f1tenth_race_stack) StdoutLine: {'line': b'writing f1tenth_race_stack.egg-info/PKG-INFO\n'}
[0.612305] (f1tenth_race_stack) StdoutLine: {'line': b'writing dependency_links to f1tenth_race_stack.egg-info/dependency_links.txt\n'}
[0.612325] (f1tenth_race_stack) StdoutLine: {'line': b'writing entry points to f1tenth_race_stack.egg-info/entry_points.txt\n'}
[0.612343] (f1tenth_race_stack) StdoutLine: {'line': b'writing requirements to f1tenth_race_stack.egg-info/requires.txt\n'}
[0.612359] (f1tenth_race_stack) StdoutLine: {'line': b'writing top-level names to f1tenth_race_stack.egg-info/top_level.txt\n'}
[0.612376] (f1tenth_race_stack) StdoutLine: {'line': b"writing manifest file 'f1tenth_race_stack.egg-info/SOURCES.txt'\n"}
[0.613546] (f1tenth_race_stack) StdoutLine: {'line': b"reading manifest file 'f1tenth_race_stack.egg-info/SOURCES.txt'\n"}
[0.613606] (f1tenth_race_stack) StdoutLine: {'line': b"writing manifest file 'f1tenth_race_stack.egg-info/SOURCES.txt'\n"}
[0.633106] (f1tenth_race_stack) StdoutLine: {'line': b'running build_ext\n'}
[0.633210] (f1tenth_race_stack) StdoutLine: {'line': b'Creating /home/bits/ABINESH_Packages/racer_ws/install/f1tenth_race_stack/lib/python3.10/site-packages/f1tenth-race-stack.egg-link (link to .)\n'}
[0.633239] (f1tenth_race_stack) StdoutLine: {'line': b'Installing follow_the_gap script to /home/bits/ABINESH_Packages/racer_ws/install/f1tenth_race_stack/lib/f1tenth_race_stack\n'}
[0.633260] (f1tenth_race_stack) StdoutLine: {'line': b'Installing mppi_controller script to /home/bits/ABINESH_Packages/racer_ws/install/f1tenth_race_stack/lib/f1tenth_race_stack\n'}
[0.633278] (f1tenth_race_stack) StdoutLine: {'line': b'Installing race_state_machine script to /home/bits/ABINESH_Packages/racer_ws/install/f1tenth_race_stack/lib/f1tenth_race_stack\n'}
[0.633295] (f1tenth_race_stack) StdoutLine: {'line': b'Installing racing_line_generator script to /home/bits/ABINESH_Packages/racer_ws/install/f1tenth_race_stack/lib/f1tenth_race_stack\n'}
[0.633311] (f1tenth_race_stack) StdoutLine: {'line': b'Installing system_id_driver script to /home/bits/ABINESH_Packages/racer_ws/install/f1tenth_race_stack/lib/f1tenth_race_stack\n'}
[0.633328] (f1tenth_race_stack) StdoutLine: {'line': b'Installing vesc_bridge script to /home/bits/ABINESH_Packages/racer_ws/install/f1tenth_race_stack/lib/f1tenth_race_stack\n'}
[0.633345] (f1tenth_race_stack) StdoutLine: {'line': b'Installing visualizer script to /home/bits/ABINESH_Packages/racer_ws/install/f1tenth_race_stack/lib/f1tenth_race_stack\n'}
[0.633361] (f1tenth_race_stack) StdoutLine: {'line': b'\n'}
[0.633380] (f1tenth_race_stack) StdoutLine: {'line': b'Installed /home/bits/ABINESH_Packages/racer_ws/build/f1tenth_race_stack\n'}
[0.633402] (f1tenth_race_stack) StdoutLine: {'line': b'running symlink_data\n'}
[0.633420] (f1tenth_race_stack) StdoutLine: {'line': b'creating /home/bits/ABINESH_Packages/racer_ws/install/f1tenth_race_stack/share/ament_index\n'}
[0.633437] (f1tenth_race_stack) StdoutLine: {'line': b'creating /home/bits/ABINESH_Packages/racer_ws/install/f1tenth_race_stack/share/ament_index/resource_index\n'}
[0.633454] (f1tenth_race_stack) StdoutLine: {'line': b'creating /home/bits/ABINESH_Packages/racer_ws/install/f1tenth_race_stack/share/ament_index/resource_index/packages\n'}
[0.633470] (f1tenth_race_stack) StdoutLine: {'line': b'symbolically linking /home/bits/ABINESH_Packages/racer_ws/build/f1tenth_race_stack/resource/f1tenth_race_stack -> /home/bits/ABINESH_Packages/racer_ws/install/f1tenth_race_stack/share/ament_index/resource_index/packages\n'}
[0.633490] (f1tenth_race_stack) StdoutLine: {'line': b'symbolically linking /home/bits/ABINESH_Packages/racer_ws/build/f1tenth_race_stack/package.xml -> /home/bits/ABINESH_Packages/racer_ws/install/f1tenth_race_stack/share/f1tenth_race_stack\n'}
[0.633507] (f1tenth_race_stack) StdoutLine: {'line': b'creating /home/bits/ABINESH_Packages/racer_ws/install/f1tenth_race_stack/share/f1tenth_race_stack/config\n'}
[0.633522] (f1tenth_race_stack) StdoutLine: {'line': b'symbolically linking /home/bits/ABINESH_Packages/racer_ws/build/f1tenth_race_stack/config/vesc_bridge_params.yaml -> /home/bits/ABINESH_Packages/racer_ws/install/f1tenth_race_stack/share/f1tenth_race_stack/config\n'}
[0.633538] (f1tenth_race_stack) StdoutLine: {'line': b'symbolically linking /home/bits/ABINESH_Packages/racer_ws/build/f1tenth_race_stack/config/ftg_params.yaml -> /home/bits/ABINESH_Packages/racer_ws/install/f1tenth_race_stack/share/f1tenth_race_stack/config\n'}
[0.633553] (f1tenth_race_stack) StdoutLine: {'line': b'symbolically linking /home/bits/ABINESH_Packages/racer_ws/build/f1tenth_race_stack/config/mppi_params.yaml -> /home/bits/ABINESH_Packages/racer_ws/install/f1tenth_race_stack/share/f1tenth_race_stack/config\n'}
[0.633568] (f1tenth_race_stack) StdoutLine: {'line': b'symbolically linking /home/bits/ABINESH_Packages/racer_ws/build/f1tenth_race_stack/config/vehicle_params.yaml -> /home/bits/ABINESH_Packages/racer_ws/install/f1tenth_race_stack/share/f1tenth_race_stack/config\n'}
[0.633587] (f1tenth_race_stack) StdoutLine: {'line': b'symbolically linking /home/bits/ABINESH_Packages/racer_ws/build/f1tenth_race_stack/config/slam_params.yaml -> /home/bits/ABINESH_Packages/racer_ws/install/f1tenth_race_stack/share/f1tenth_race_stack/config\n'}
[0.633602] (f1tenth_race_stack) StdoutLine: {'line': b'creating /home/bits/ABINESH_Packages/racer_ws/install/f1tenth_race_stack/share/f1tenth_race_stack/launch\n'}
[0.633617] (f1tenth_race_stack) StdoutLine: {'line': b'symbolically linking /home/bits/ABINESH_Packages/racer_ws/build/f1tenth_race_stack/launch/system_id.launch.py -> /home/bits/ABINESH_Packages/racer_ws/install/f1tenth_race_stack/share/f1tenth_race_stack/launch\n'}
[0.633632] (f1tenth_race_stack) StdoutLine: {'line': b'symbolically linking /home/bits/ABINESH_Packages/racer_ws/build/f1tenth_race_stack/launch/racing.launch.py -> /home/bits/ABINESH_Packages/racer_ws/install/f1tenth_race_stack/share/f1tenth_race_stack/launch\n'}
[0.633647] (f1tenth_race_stack) StdoutLine: {'line': b'symbolically linking /home/bits/ABINESH_Packages/racer_ws/build/f1tenth_race_stack/launch/mapping_joystick.launch.py -> /home/bits/ABINESH_Packages/racer_ws/install/f1tenth_race_stack/share/f1tenth_race_stack/launch\n'}
[0.633664] (f1tenth_race_stack) StdoutLine: {'line': b'symbolically linking /home/bits/ABINESH_Packages/racer_ws/build/f1tenth_race_stack/launch/mapping_autonomous.launch.py -> /home/bits/ABINESH_Packages/racer_ws/install/f1tenth_race_stack/share/f1tenth_race_stack/launch\n'}
[0.633680] (f1tenth_race_stack) StdoutLine: {'line': b'creating /home/bits/ABINESH_Packages/racer_ws/install/f1tenth_race_stack/share/f1tenth_race_stack/rviz\n'}
[0.633695] (f1tenth_race_stack) StdoutLine: {'line': b'symbolically linking /home/bits/ABINESH_Packages/racer_ws/build/f1tenth_race_stack/rviz/mapping.rviz -> /home/bits/ABINESH_Packages/racer_ws/install/f1tenth_race_stack/share/f1tenth_race_stack/rviz\n'}
[0.633710] (f1tenth_race_stack) StdoutLine: {'line': b'symbolically linking /home/bits/ABINESH_Packages/racer_ws/build/f1tenth_race_stack/rviz/racing.rviz -> /home/bits/ABINESH_Packages/racer_ws/install/f1tenth_race_stack/share/f1tenth_race_stack/rviz\n'}
[0.633747] (f1tenth_race_stack) StdoutLine: {'line': b'creating /home/bits/ABINESH_Packages/racer_ws/install/f1tenth_race_stack/share/f1tenth_race_stack/maps\n'}
[0.652078] (f1tenth_race_stack) CommandEnded: {'returncode': 0}
[0.657128] (f1tenth_race_stack) JobEnded: {'identifier': 'f1tenth_race_stack', 'rc': 0}
[0.657526] (-) EventReactorShutdown: {}
