[0.000000] (-) TimerEvent: {}
[0.000282] (f1tenth_race_stack) JobQueued: {'identifier': 'f1tenth_race_stack', 'dependencies': OrderedDict()}
[0.000296] (f1tenth_race_stack) JobStarted: {'identifier': 'f1tenth_race_stack'}
[0.103085] (-) TimerEvent: {}
[0.203338] (-) TimerEvent: {}
[0.303548] (-) TimerEvent: {}
[0.320956] (f1tenth_race_stack) Command: {'cmd': ['/usr/bin/python3', '-W', 'ignore:setup.py install is deprecated', '-W', 'ignore:easy_install command is deprecated', 'setup.py', 'develop', '--editable', '--build-directory', '/home/bits/ABINESH_Packages/racer_ws/build/f1tenth_race_stack/build', '--no-deps', 'symlink_data'], 'cwd': '/home/bits/ABINESH_Packages/racer_ws/build/f1tenth_race_stack', 'env': {'GJS_DEBUG_TOPICS': 'JS ERROR;JS LOG', 'LESSOPEN': '| /usr/bin/lesspipe %s', 'VSCODE_CWD': '/home/bits', 'LANGUAGE': 'en_IN:en', 'USER': 'bits', 'VSCODE_NLS_CONFIG': '{"userLocale":"en-gb","osLocale":"en-in","resolvedLanguage":"en","defaultMessagesFile":"/usr/share/antigravity/resources/app/out/nls.messages.json","locale":"en-gb","availableLanguages":{}}', 'CCACHE_DIR': '/home/bits/.cache/ccache/', 'XDG_SESSION_TYPE': 'x11', 'SHLVL': '1', 'LD_LIBRARY_PATH': '/opt/ros/humble/opt/zenoh_cpp_vendor/lib:/opt/ros/humble/opt/rviz_ogre_vendor/lib:/opt/ros/humble/lib/x86_64-linux-gnu:/opt/ros/humble/lib:/usr/local/cuda-12.4/lib64:', 'HOME': '/home/bits', 'CHROME_DESKTOP': 'antigravity.desktop', 'CYCLONEDDS_URI': 'file:///home/bits/cyclonedds.xml', 'OLDPWD': '/home/bits/ABINESH_Packages/racer_ws', 'DESKTOP_SESSION': 'ubuntu', 'VSCODE_IPC_HOOK': '/run/user/1000/vscode-a7369c55-1.10-main.sock', 'GIO_LAUNCHED_DESKTOP_FILE': '/usr/share/applications/antigravity.desktop', 'ROS_PYTHON_VERSION': '3', 'GNOME_SHELL_SESSION_MODE': 'ubuntu', 'GTK_MODULES': 'gail:atk-bridge', 'PAGER': 'cat', 'MANAGERPID': '5084', 'SYSTEMD_EXEC_PID': '5448', 'DBUS_SESSION_BUS_ADDRESS': 'unix:path=/run/user/1000/bus', 'ANTIGRAVITY_AGENT': '1', 'GIO_LAUNCHED_DESKTOP_FILE_PID': '97938', 'IM_CONFIG_PHASE': '1', 'ROS_DISTRO': 'humble', 'GTK_IM_MODULE': 'ibus', 'LOGNAME': 'bits', 'JOURNAL_STREAM': '8:41098', '_': '/usr/bin/colcon', 'ROS_VERSION': '2', 'XDG_SESSION_CLASS': 'user', 'USERNAME': 'bits', 'TERM': 'dumb', 'GNOME_DESKTOP_SESSION_ID': 'this-is-deprecated', 'FC_FONTATIONS': '1', 'ROS_LOCALHOST_ONLY': '0', 'WINDOWPATH': '2', 'ANTIGRAVITY_EDITOR_APP_ROOT': '/usr/share/antigravity/resources/app', 'PATH': '/opt/ros/humble/bin:/usr/local/cuda-12.4/bin:/usr/local/sbin:/usr/local/bin:/usr/sbin:/usr/bin:/sbin:/bin:/usr/games:/usr/local/games:/snap/bin:/snap/bin:/home/bits/.local/bin', 'SESSION_MANAGER': 'local/bits-Alienware-Area-51-AAT2250:@/tmp/.ICE-unix/5416,unix/bits-Alienware-Area-51-AAT2250:/tmp/.ICE-unix/5416', 'INVOCATION_ID': '8a064867e31a44338a46c12a97344b07', 'XDG_MENU_PREFIX': 'gnome-', 'XDG_RUNTIME_DIR': '/run/user/1000', 'GDK_BACKEND': 'x11', 'DISPLAY': ':1', 'LANG': 'en_US.UTF-8', 'XDG_CURRENT_DESKTOP': 'ubuntu:GNOME', 'RMW_IMPLEMENTATION': 'rmw_cyclonedds_cpp', 'XMODIFIERS': '@im=ibus', 'XDG_SESSION_DESKTOP': 'ubuntu', 'XAUTHORITY': '/run/user/1000/gdm/Xauthority', 'LS_COLORS': '', 'SSH_AGENT_LAUNCHER': 'gnome-keyring', 'SSH_AUTH_SOCK': '/run/user/1000/keyring/ssh', 'AMENT_PREFIX_PATH': '/opt/ros/humble', 'SHELL': '/bin/bash', 'QT_ACCESSIBILITY': '1', 'CXX': '/usr/lib/ccache/g++', 'GDMSESSION': 'ubuntu', 'LESSCLOSE': '/usr/bin/lesspipe %s %s', 'GPG_AGENT_INFO': '/run/user/1000/gnupg/S.gpg-agent:0:1', 'GJS_DEBUG_OUTPUT': 'stderr', 'QT_IM_MODULE': 'ibus', 'ANTIGRAVITY_TRAJECTORY_ID': 'aa195102-89de-4881-a3fa-d6fed6683dcd', 'PWD': '/home/bits/ABINESH_Packages/racer_ws/build/f1tenth_race_stack', 'LC_ALL': 'en_US.UTF-8', 'XDG_CONFIG_DIRS': '/etc/xdg/xdg-ubuntu:/etc/xdg', 'VSCODE_CODE_CACHE_PATH': '/home/bits/.config/Antigravity/CachedData/15487b3041e65228cae24980a3f796c905ef582c', 'XDG_DATA_DIRS': '/usr/share/ubuntu:/usr/share/gnome:/home/bits/.local/share/flatpak/exports/share:/var/lib/flatpak/exports/share:/usr/local/share/:/usr/share/:/var/lib/snapd/desktop', 'PYTHONPATH': '/home/bits/ABINESH_Packages/racer_ws/build/f1tenth_race_stack/prefix_override:/usr/lib/python3/dist-packages/colcon_core/task/python/colcon_distutils_commands:/home/bits/ABINESH_Packages/racer_ws/install/f1tenth_race_stack/lib/python3.10/site-packages:/opt/ros/humble/lib/python3.10/site-packages:/opt/ros/humble/local/lib/python3.10/dist-packages', 'CC': '/usr/lib/ccache/gcc', 'COLCON': '1', 'VSCODE_PID': '97938'}, 'shell': False}
[0.403637] (-) TimerEvent: {}
[0.446162] (f1tenth_race_stack) StdoutLine: {'line': b'running develop\n'}
[0.503716] (-) TimerEvent: {}
[0.539083] (f1tenth_race_stack) StdoutLine: {'line': b'running egg_info\n'}
[0.539201] (f1tenth_race_stack) StdoutLine: {'line': b'writing f1tenth_race_stack.egg-info/PKG-INFO\n'}
[0.539230] (f1tenth_race_stack) StdoutLine: {'line': b'writing dependency_links to f1tenth_race_stack.egg-info/dependency_links.txt\n'}
[0.539252] (f1tenth_race_stack) StdoutLine: {'line': b'writing entry points to f1tenth_race_stack.egg-info/entry_points.txt\n'}
[0.539274] (f1tenth_race_stack) StdoutLine: {'line': b'writing requirements to f1tenth_race_stack.egg-info/requires.txt\n'}
[0.539293] (f1tenth_race_stack) StdoutLine: {'line': b'writing top-level names to f1tenth_race_stack.egg-info/top_level.txt\n'}
[0.539311] (f1tenth_race_stack) StdoutLine: {'line': b"reading manifest file 'f1tenth_race_stack.egg-info/SOURCES.txt'\n"}
[0.539329] (f1tenth_race_stack) StdoutLine: {'line': b"writing manifest file 'f1tenth_race_stack.egg-info/SOURCES.txt'\n"}
[0.555141] (f1tenth_race_stack) StdoutLine: {'line': b'running build_ext\n'}
[0.555258] (f1tenth_race_stack) StdoutLine: {'line': b'Creating /home/bits/ABINESH_Packages/racer_ws/install/f1tenth_race_stack/lib/python3.10/site-packages/f1tenth-race-stack.egg-link (link to .)\n'}
[0.555974] (f1tenth_race_stack) StdoutLine: {'line': b'Installing deadman_switch script to /home/bits/ABINESH_Packages/racer_ws/install/f1tenth_race_stack/lib/f1tenth_race_stack\n'}
[0.556045] (f1tenth_race_stack) StdoutLine: {'line': b'Installing follow_the_gap script to /home/bits/ABINESH_Packages/racer_ws/install/f1tenth_race_stack/lib/f1tenth_race_stack\n'}
[0.556082] (f1tenth_race_stack) StdoutLine: {'line': b'Installing mppi_controller script to /home/bits/ABINESH_Packages/racer_ws/install/f1tenth_race_stack/lib/f1tenth_race_stack\n'}
[0.556120] (f1tenth_race_stack) StdoutLine: {'line': b'Installing pure_pursuit script to /home/bits/ABINESH_Packages/racer_ws/install/f1tenth_race_stack/lib/f1tenth_race_stack\n'}
[0.556144] (f1tenth_race_stack) StdoutLine: {'line': b'Installing race_state_machine script to /home/bits/ABINESH_Packages/racer_ws/install/f1tenth_race_stack/lib/f1tenth_race_stack\n'}
[0.556166] (f1tenth_race_stack) StdoutLine: {'line': b'Installing racing_line_generator script to /home/bits/ABINESH_Packages/racer_ws/install/f1tenth_race_stack/lib/f1tenth_race_stack\n'}
[0.556188] (f1tenth_race_stack) StdoutLine: {'line': b'Installing system_id_driver script to /home/bits/ABINESH_Packages/racer_ws/install/f1tenth_race_stack/lib/f1tenth_race_stack\n'}
[0.556208] (f1tenth_race_stack) StdoutLine: {'line': b'Installing vesc_bridge script to /home/bits/ABINESH_Packages/racer_ws/install/f1tenth_race_stack/lib/f1tenth_race_stack\n'}
[0.556228] (f1tenth_race_stack) StdoutLine: {'line': b'Installing visualizer script to /home/bits/ABINESH_Packages/racer_ws/install/f1tenth_race_stack/lib/f1tenth_race_stack\n'}
[0.556248] (f1tenth_race_stack) StdoutLine: {'line': b'\n'}
[0.556269] (f1tenth_race_stack) StdoutLine: {'line': b'Installed /home/bits/ABINESH_Packages/racer_ws/build/f1tenth_race_stack\n'}
[0.556290] (f1tenth_race_stack) StdoutLine: {'line': b'running symlink_data\n'}
[0.556311] (f1tenth_race_stack) StdoutLine: {'line': b'symbolically linking /home/bits/ABINESH_Packages/racer_ws/build/f1tenth_race_stack/config/pure_pursuit_params.yaml -> /home/bits/ABINESH_Packages/racer_ws/install/f1tenth_race_stack/share/f1tenth_race_stack/config\n'}
[0.556332] (f1tenth_race_stack) StdoutLine: {'line': b'symbolically linking /home/bits/ABINESH_Packages/racer_ws/build/f1tenth_race_stack/config/deadman_switch_params.yaml -> /home/bits/ABINESH_Packages/racer_ws/install/f1tenth_race_stack/share/f1tenth_race_stack/config\n'}
[0.556359] (f1tenth_race_stack) StdoutLine: {'line': b'symbolically linking /home/bits/ABINESH_Packages/racer_ws/build/f1tenth_race_stack/launch/time_trial.launch.py -> /home/bits/ABINESH_Packages/racer_ws/install/f1tenth_race_stack/share/f1tenth_race_stack/launch\n'}
[0.556392] (f1tenth_race_stack) StdoutLine: {'line': b'symbolically linking /home/bits/ABINESH_Packages/racer_ws/build/f1tenth_race_stack/launch/head_to_head.launch.py -> /home/bits/ABINESH_Packages/racer_ws/install/f1tenth_race_stack/share/f1tenth_race_stack/launch\n'}
[0.572902] (f1tenth_race_stack) CommandEnded: {'returncode': 0}
[0.581977] (f1tenth_race_stack) JobEnded: {'identifier': 'f1tenth_race_stack', 'rc': 0}
[0.583510] (-) EventReactorShutdown: {}
