running develop
running egg_info
creating f1tenth_race_stack.egg-info
writing f1tenth_race_stack.egg-info/PKG-INFO
writing dependency_links to f1tenth_race_stack.egg-info/dependency_links.txt
writing entry points to f1tenth_race_stack.egg-info/entry_points.txt
writing requirements to f1tenth_race_stack.egg-info/requires.txt
writing top-level names to f1tenth_race_stack.egg-info/top_level.txt
writing manifest file 'f1tenth_race_stack.egg-info/SOURCES.txt'
reading manifest file 'f1tenth_race_stack.egg-info/SOURCES.txt'
writing manifest file 'f1tenth_race_stack.egg-info/SOURCES.txt'
running build_ext
Creating /home/bits/ABINESH_Packages/racer_ws/install/f1tenth_race_stack/lib/python3.10/site-packages/f1tenth-race-stack.egg-link (link to .)
Installing follow_the_gap script to /home/bits/ABINESH_Packages/racer_ws/install/f1tenth_race_stack/lib/f1tenth_race_stack
Installing mppi_controller script to /home/bits/ABINESH_Packages/racer_ws/install/f1tenth_race_stack/lib/f1tenth_race_stack
Installing race_state_machine script to /home/bits/ABINESH_Packages/racer_ws/install/f1tenth_race_stack/lib/f1tenth_race_stack
Installing racing_line_generator script to /home/bits/ABINESH_Packages/racer_ws/install/f1tenth_race_stack/lib/f1tenth_race_stack
Installing system_id_driver script to /home/bits/ABINESH_Packages/racer_ws/install/f1tenth_race_stack/lib/f1tenth_race_stack
Installing vesc_bridge script to /home/bits/ABINESH_Packages/racer_ws/install/f1tenth_race_stack/lib/f1tenth_race_stack
Installing visualizer script to /home/bits/ABINESH_Packages/racer_ws/install/f1tenth_race_stack/lib/f1tenth_race_stack

Installed /home/bits/ABINESH_Packages/racer_ws/build/f1tenth_race_stack
running symlink_data
creating /home/bits/ABINESH_Packages/racer_ws/install/f1tenth_race_stack/share/ament_index
creating /home/bits/ABINESH_Packages/racer_ws/install/f1tenth_race_stack/share/ament_index/resource_index
creating /home/bits/ABINESH_Packages/racer_ws/install/f1tenth_race_stack/share/ament_index/resource_index/packages
symbolically linking /home/bits/ABINESH_Packages/racer_ws/build/f1tenth_race_stack/resource/f1tenth_race_stack -> /home/bits/ABINESH_Packages/racer_ws/install/f1tenth_race_stack/share/ament_index/resource_index/packages
symbolically linking /home/bits/ABINESH_Packages/racer_ws/build/f1tenth_race_stack/package.xml -> /home/bits/ABINESH_Packages/racer_ws/install/f1tenth_race_stack/share/f1tenth_race_stack
creating /home/bits/ABINESH_Packages/racer_ws/install/f1tenth_race_stack/share/f1tenth_race_stack/config
symbolically linking /home/bits/ABINESH_Packages/racer_ws/build/f1tenth_race_stack/config/vesc_bridge_params.yaml -> /home/bits/ABINESH_Packages/racer_ws/install/f1tenth_race_stack/share/f1tenth_race_stack/config
symbolically linking /home/bits/ABINESH_Packages/racer_ws/build/f1tenth_race_stack/config/ftg_params.yaml -> /home/bits/ABINESH_Packages/racer_ws/install/f1tenth_race_stack/share/f1tenth_race_stack/config
symbolically linking /home/bits/ABINESH_Packages/racer_ws/build/f1tenth_race_stack/config/mppi_params.yaml -> /home/bits/ABINESH_Packages/racer_ws/install/f1tenth_race_stack/share/f1tenth_race_stack/config
symbolically linking /home/bits/ABINESH_Packages/racer_ws/build/f1tenth_race_stack/config/vehicle_params.yaml -> /home/bits/ABINESH_Packages/racer_ws/install/f1tenth_race_stack/share/f1tenth_race_stack/config
symbolically linking /home/bits/ABINESH_Packages/racer_ws/build/f1tenth_race_stack/config/slam_params.yaml -> /home/bits/ABINESH_Packages/racer_ws/install/f1tenth_race_stack/share/f1tenth_race_stack/config
creating /home/bits/ABINESH_Packages/racer_ws/install/f1tenth_race_stack/share/f1tenth_race_stack/launch
symbolically linking /home/bits/ABINESH_Packages/racer_ws/build/f1tenth_race_stack/launch/system_id.launch.py -> /home/bits/ABINESH_Packages/racer_ws/install/f1tenth_race_stack/share/f1tenth_race_stack/launch
symbolically linking /home/bits/ABINESH_Packages/racer_ws/build/f1tenth_race_stack/launch/racing.launch.py -> /home/bits/ABINESH_Packages/racer_ws/install/f1tenth_race_stack/share/f1tenth_race_stack/launch
symbolically linking /home/bits/ABINESH_Packages/racer_ws/build/f1tenth_race_stack/launch/mapping_joystick.launch.py -> /home/bits/ABINESH_Packages/racer_ws/install/f1tenth_race_stack/share/f1tenth_race_stack/launch
symbolically linking /home/bits/ABINESH_Packages/racer_ws/build/f1tenth_race_stack/launch/mapping_autonomous.launch.py -> /home/bits/ABINESH_Packages/racer_ws/install/f1tenth_race_stack/share/f1tenth_race_stack/launch
creating /home/bits/ABINESH_Packages/racer_ws/install/f1tenth_race_stack/share/f1tenth_race_stack/rviz
symbolically linking /home/bits/ABINESH_Packages/racer_ws/build/f1tenth_race_stack/rviz/mapping.rviz -> /home/bits/ABINESH_Packages/racer_ws/install/f1tenth_race_stack/share/f1tenth_race_stack/rviz
symbolically linking /home/bits/ABINESH_Packages/racer_ws/build/f1tenth_race_stack/rviz/racing.rviz -> /home/bits/ABINESH_Packages/racer_ws/install/f1tenth_race_stack/share/f1tenth_race_stack/rviz
creating /home/bits/ABINESH_Packages/racer_ws/install/f1tenth_race_stack/share/f1tenth_race_stack/maps
