[0.382s] Invoking command in '/home/bits/ABINESH_Packages/racer_ws/build/f1tenth_race_stack': PYTHONPATH=/home/bits/ABINESH_Packages/racer_ws/build/f1tenth_race_stack/prefix_override:/usr/lib/python3/dist-packages/colcon_core/task/python/colcon_distutils_commands:/home/bits/ABINESH_Packages/racer_ws/install/f1tenth_race_stack/lib/python3.10/site-packages:${PYTHONPATH} /usr/bin/python3 -W ignore:setup.py install is deprecated -W ignore:easy_install command is deprecated setup.py develop --editable --build-directory /home/bits/ABINESH_Packages/racer_ws/build/f1tenth_race_stack/build --no-deps symlink_data
[0.522s] running develop
[0.611s] running egg_info
[0.611s] creating f1tenth_race_stack.egg-info
[0.611s] writing f1tenth_race_stack.egg-info/PKG-INFO
[0.611s] writing dependency_links to f1tenth_race_stack.egg-info/dependency_links.txt
[0.611s] writing entry points to f1tenth_race_stack.egg-info/entry_points.txt
[0.611s] writing requirements to f1tenth_race_stack.egg-info/requires.txt
[0.611s] writing top-level names to f1tenth_race_stack.egg-info/top_level.txt
[0.611s] writing manifest file 'f1tenth_race_stack.egg-info/SOURCES.txt'
[0.613s] reading manifest file 'f1tenth_race_stack.egg-info/SOURCES.txt'
[0.613s] writing manifest file 'f1tenth_race_stack.egg-info/SOURCES.txt'
[0.632s] running build_ext
[0.632s] Creating /home/bits/ABINESH_Packages/racer_ws/install/f1tenth_race_stack/lib/python3.10/site-packages/f1tenth-race-stack.egg-link (link to .)
[0.632s] Installing follow_the_gap script to /home/bits/ABINESH_Packages/racer_ws/install/f1tenth_race_stack/lib/f1tenth_race_stack
[0.632s] Installing mppi_controller script to /home/bits/ABINESH_Packages/racer_ws/install/f1tenth_race_stack/lib/f1tenth_race_stack
[0.632s] Installing race_state_machine script to /home/bits/ABINESH_Packages/racer_ws/install/f1tenth_race_stack/lib/f1tenth_race_stack
[0.632s] Installing racing_line_generator script to /home/bits/ABINESH_Packages/racer_ws/install/f1tenth_race_stack/lib/f1tenth_race_stack
[0.632s] Installing system_id_driver script to /home/bits/ABINESH_Packages/racer_ws/install/f1tenth_race_stack/lib/f1tenth_race_stack
[0.632s] Installing vesc_bridge script to /home/bits/ABINESH_Packages/racer_ws/install/f1tenth_race_stack/lib/f1tenth_race_stack
[0.632s] Installing visualizer script to /home/bits/ABINESH_Packages/racer_ws/install/f1tenth_race_stack/lib/f1tenth_race_stack
[0.632s] 
[0.632s] Installed /home/bits/ABINESH_Packages/racer_ws/build/f1tenth_race_stack
[0.632s] running symlink_data
[0.632s] creating /home/bits/ABINESH_Packages/racer_ws/install/f1tenth_race_stack/share/ament_index
[0.632s] creating /home/bits/ABINESH_Packages/racer_ws/install/f1tenth_race_stack/share/ament_index/resource_index
[0.632s] creating /home/bits/ABINESH_Packages/racer_ws/install/f1tenth_race_stack/share/ament_index/resource_index/packages
[0.632s] symbolically linking /home/bits/ABINESH_Packages/racer_ws/build/f1tenth_race_stack/resource/f1tenth_race_stack -> /home/bits/ABINESH_Packages/racer_ws/install/f1tenth_race_stack/share/ament_index/resource_index/packages
[0.632s] symbolically linking /home/bits/ABINESH_Packages/racer_ws/build/f1tenth_race_stack/package.xml -> /home/bits/ABINESH_Packages/racer_ws/install/f1tenth_race_stack/share/f1tenth_race_stack
[0.632s] creating /home/bits/ABINESH_Packages/racer_ws/install/f1tenth_race_stack/share/f1tenth_race_stack/config
[0.632s] symbolically linking /home/bits/ABINESH_Packages/racer_ws/build/f1tenth_race_stack/config/vesc_bridge_params.yaml -> /home/bits/ABINESH_Packages/racer_ws/install/f1tenth_race_stack/share/f1tenth_race_stack/config
[0.632s] symbolically linking /home/bits/ABINESH_Packages/racer_ws/build/f1tenth_race_stack/config/ftg_params.yaml -> /home/bits/ABINESH_Packages/racer_ws/install/f1tenth_race_stack/share/f1tenth_race_stack/config
[0.632s] symbolically linking /home/bits/ABINESH_Packages/racer_ws/build/f1tenth_race_stack/config/mppi_params.yaml -> /home/bits/ABINESH_Packages/racer_ws/install/f1tenth_race_stack/share/f1tenth_race_stack/config
[0.633s] symbolically linking /home/bits/ABINESH_Packages/racer_ws/build/f1tenth_race_stack/config/vehicle_params.yaml -> /home/bits/ABINESH_Packages/racer_ws/install/f1tenth_race_stack/share/f1tenth_race_stack/config
[0.633s] symbolically linking /home/bits/ABINESH_Packages/racer_ws/build/f1tenth_race_stack/config/slam_params.yaml -> /home/bits/ABINESH_Packages/racer_ws/install/f1tenth_race_stack/share/f1tenth_race_stack/config
[0.633s] creating /home/bits/ABINESH_Packages/racer_ws/install/f1tenth_race_stack/share/f1tenth_race_stack/launch
[0.633s] symbolically linking /home/bits/ABINESH_Packages/racer_ws/build/f1tenth_race_stack/launch/system_id.launch.py -> /home/bits/ABINESH_Packages/racer_ws/install/f1tenth_race_stack/share/f1tenth_race_stack/launch
[0.633s] symbolically linking /home/bits/ABINESH_Packages/racer_ws/build/f1tenth_race_stack/launch/racing.launch.py -> /home/bits/ABINESH_Packages/racer_ws/install/f1tenth_race_stack/share/f1tenth_race_stack/launch
[0.633s] symbolically linking /home/bits/ABINESH_Packages/racer_ws/build/f1tenth_race_stack/launch/mapping_joystick.launch.py -> /home/bits/ABINESH_Packages/racer_ws/install/f1tenth_race_stack/share/f1tenth_race_stack/launch
[0.633s] symbolically linking /home/bits/ABINESH_Packages/racer_ws/build/f1tenth_race_stack/launch/mapping_autonomous.launch.py -> /home/bits/ABINESH_Packages/racer_ws/install/f1tenth_race_stack/share/f1tenth_race_stack/launch
[0.633s] creating /home/bits/ABINESH_Packages/racer_ws/install/f1tenth_race_stack/share/f1tenth_race_stack/rviz
[0.633s] symbolically linking /home/bits/ABINESH_Packages/racer_ws/build/f1tenth_race_stack/rviz/mapping.rviz -> /home/bits/ABINESH_Packages/racer_ws/install/f1tenth_race_stack/share/f1tenth_race_stack/rviz
[0.633s] symbolically linking /home/bits/ABINESH_Packages/racer_ws/build/f1tenth_race_stack/rviz/racing.rviz -> /home/bits/ABINESH_Packages/racer_ws/install/f1tenth_race_stack/share/f1tenth_race_stack/rviz
[0.633s] creating /home/bits/ABINESH_Packages/racer_ws/install/f1tenth_race_stack/share/f1tenth_race_stack/maps
[0.651s] Invoked command in '/home/bits/ABINESH_Packages/racer_ws/build/f1tenth_race_stack' returned '0': PYTHONPATH=/home/bits/ABINESH_Packages/racer_ws/build/f1tenth_race_stack/prefix_override:/usr/lib/python3/dist-packages/colcon_core/task/python/colcon_distutils_commands:/home/bits/ABINESH_Packages/racer_ws/install/f1tenth_race_stack/lib/python3.10/site-packages:${PYTHONPATH} /usr/bin/python3 -W ignore:setup.py install is deprecated -W ignore:easy_install command is deprecated setup.py develop --editable --build-directory /home/bits/ABINESH_Packages/racer_ws/build/f1tenth_race_stack/build --no-deps symlink_data
